<?xml version="1.0" encoding="UTF-8"?>
<!-- Generated by org.testng.reporters.JUnitXMLReporter -->
<testsuite hostname="DESKTOP-L2JFHC2" ignored="0" name="Free CRM App Test Cases" tests="7" failures="2" timestamp="02 Apr 2020 11:50:02 GMT" time="437.926" errors="0">
  <testcase name="validate_login_page" time="0.225" classname="com.cts.Academic.tests.Academicpagetest"/>
  <testcase name="click_on_Acess_purchase_link" time="22.729" classname="com.cts.Academic.tests.HomepageTest"/>
  <testcase name="click_on_Arts_human_link" time="13.842" classname="com.cts.Academic.tests.HomepageTest">
    <failure type="java.lang.AssertionError" message="Arts&amp;amp;humanities page not found expected [Arts and humanities | Journals | Oxford Academic] but found [Journals | Oxford Academic]">
      <![CDATA[java.lang.AssertionError: Arts&humanities page not found expected [Arts and humanities | Journals | Oxford Academic] but found [Journals | Oxford Academic]
at com.cts.Academic.tests.HomepageTest.click_on_Arts_human_link(HomepageTest.java:53)
... Removed 30 stack frames]]>
    </failure>
  </testcase> <!-- click_on_Arts_human_link -->
  <testcase name="click_on_medicine_health" time="15.648" classname="com.cts.Academic.tests.HomepageTest">
    <failure type="org.openqa.selenium.StaleElementReferenceException" message="stale element reference: element is not attached to the page document
  (Session info: chrome=80.0.3987.149)
For documentation on this error, please visit: http://seleniumhq.org/exceptions/stale_element_reference.html
Build info: version: &amp;apos;3.9.1&amp;apos;, revision: &amp;apos;63f7b50&amp;apos;, time: &amp;apos;2018-02-07T22:25:02.294Z&amp;apos;
System info: host: &amp;apos;DESKTOP-L2JFHC2&amp;apos;, ip: &amp;apos;192.168.43.60&amp;apos;, os.name: &amp;apos;Windows 10&amp;apos;, os.arch: &amp;apos;amd64&amp;apos;, os.version: &amp;apos;10.0&amp;apos;, java.version: &amp;apos;1.8.0_241&amp;apos;
Driver info: org.openqa.selenium.chrome.ChromeDriver
Capabilities {acceptInsecureCerts: false, browserName: chrome, browserVersion: 80.0.3987.149, chrome: {chromedriverVersion: 80.0.3987.106 (f68069574609..., userDataDir: C:\Users\sreed\AppData\Loca...}, goog:chromeOptions: {debuggerAddress: localhost:64739}, javascriptEnabled: true, networkConnectionEnabled: false, pageLoadStrategy: normal, platform: WINDOWS, platformName: WINDOWS, proxy: Proxy(), setWindowRect: true, strictFileInteractability: false, timeouts: {implicit: 0, pageLoad: 300000, script: 30000}, unhandledPromptBehavior: dismiss and notify}
Session ID: ecef3df4ed0db40d6decd81dd72ba869">
      <![CDATA[org.openqa.selenium.StaleElementReferenceException: stale element reference: element is not attached to the page document
  (Session info: chrome=80.0.3987.149)
For documentation on this error, please visit: http://seleniumhq.org/exceptions/stale_element_reference.html
Build info: version: '3.9.1', revision: '63f7b50', time: '2018-02-07T22:25:02.294Z'
System info: host: 'DESKTOP-L2JFHC2', ip: '192.168.43.60', os.name: 'Windows 10', os.arch: 'amd64', os.version: '10.0', java.version: '1.8.0_241'
Driver info: org.openqa.selenium.chrome.ChromeDriver
Capabilities {acceptInsecureCerts: false, browserName: chrome, browserVersion: 80.0.3987.149, chrome: {chromedriverVersion: 80.0.3987.106 (f68069574609..., userDataDir: C:\Users\sreed\AppData\Loca...}, goog:chromeOptions: {debuggerAddress: localhost:64739}, javascriptEnabled: true, networkConnectionEnabled: false, pageLoadStrategy: normal, platform: WINDOWS, platformName: WINDOWS, proxy: Proxy(), setWindowRect: true, strictFileInteractability: false, timeouts: {implicit: 0, pageLoad: 300000, script: 30000}, unhandledPromptBehavior: dismiss and notify}
Session ID: ecef3df4ed0db40d6decd81dd72ba869
at org.openqa.selenium.remote.http.W3CHttpResponseCodec.createException(W3CHttpResponseCodec.java:187)
at org.openqa.selenium.remote.http.W3CHttpResponseCodec.decode(W3CHttpResponseCodec.java:122)
at org.openqa.selenium.remote.http.W3CHttpResponseCodec.decode(W3CHttpResponseCodec.java:49)
at org.openqa.selenium.remote.HttpCommandExecutor.execute(HttpCommandExecutor.java:160)
at org.openqa.selenium.remote.service.DriverCommandExecutor.execute(DriverCommandExecutor.java:83)
at org.openqa.selenium.remote.RemoteWebDriver.execute(RemoteWebDriver.java:601)
at org.openqa.selenium.remote.RemoteWebElement.execute(RemoteWebElement.java:279)
at org.openqa.selenium.remote.RemoteWebElement.click(RemoteWebElement.java:83)
at org.openqa.selenium.support.pagefactory.internal.LocatingElementHandler.invoke(LocatingElementHandler.java:51)
at com.sun.proxy.$Proxy9.click(Unknown Source)
at com.cts.pages.Homepage.click_on_medicines_health_link(Homepage.java:57)
at com.cts.Academic.tests.HomepageTest.click_on_medicine_health(HomepageTest.java:59)
... Removed 33 stack frames]]>
    </failure>
  </testcase> <!-- click_on_medicine_health -->
  <testcase name="user_name_label_check" time="1.261" classname="com.cts.Academic.tests.HomepageTest"/>
  <testcase name="verify_logo" time="0.309" classname="com.cts.Academic.tests.HomepageTest"/>
  <testcase name="vertify_homepage_title" time="0.037" classname="com.cts.Academic.tests.HomepageTest"/>
</testsuite> <!-- Free CRM App Test Cases -->
