<?xml version="1.0" encoding="UTF-8"?>
<!-- Generated by org.testng.reporters.JUnitXMLReporter -->
<testsuite hostname="DESKTOP-L2JFHC2" ignored="0" name="com.cts.Academic.Test Cases" tests="13" failures="1" timestamp="2020-04-06T15:30:47 IST" time="470.651" errors="0">
  <testcase name="Registertest_check" time="4.485" classname="com.cts.Academic.testcases.RegisterpageTest"/>
  <testcase name="Registertest_check" time="3.186" classname="com.cts.Academic.testcases.RegisterpageTest"/>
  <testcase name="validate_login_page" time="0.24" classname="com.cts.Academic.testcases.Academicpagetest"/>
  <testcase name="verify_img" time="0.218" classname="com.cts.Academic.testcases.Academicpagetest"/>
  <testcase name="Registration_link" time="5.049" classname="com.cts.Academic.testcases.Academicpagetest"/>
  <testcase name="validate_signin_link" time="0.09" classname="com.cts.Academic.testcases.Academicpagetest"/>
  <testcase name="login_check" time="4.447" classname="com.cts.Academic.testcases.Academicpagetest"/>
  <testcase name="vertify_homepage_title" time="0.048" classname="com.cts.Academic.testcases.HomepageTest"/>
  <testcase name="user_name_label_check" time="0.235" classname="com.cts.Academic.testcases.HomepageTest"/>
  <testcase name="verify_logo" time="0.193" classname="com.cts.Academic.testcases.HomepageTest"/>
  <testcase name="click_on_Arts_human_link" time="8.121" classname="com.cts.Academic.testcases.HomepageTest"/>
  <testcase name="click_on_medicine_health" time="11.843" classname="com.cts.Academic.testcases.HomepageTest">
    <failure type="java.lang.AssertionError" message="medicine&amp;amp;health page not found expected [Medicine and health | Journals | Oxford Academic] but found [Journals | Oxford Academic]">
      <![CDATA[java.lang.AssertionError: medicine&health page not found expected [Medicine and health | Journals | Oxford Academic] but found [Journals | Oxford Academic]
at com.cts.Academic.testcases.HomepageTest.click_on_medicine_health(HomepageTest.java:88)
at java.util.ArrayList.forEach(Unknown Source)
... Removed 31 stack frames]]>
    </failure>
  </testcase> <!-- click_on_medicine_health -->
  <testcase name="click_on_Acess_purchase_link" time="8.746" classname="com.cts.Academic.testcases.HomepageTest"/>
</testsuite> <!-- com.cts.Academic.Test Cases -->
