<?xml version="1.0" encoding="UTF-8"?>
<testng-results skipped="0" failed="1" ignored="0" total="13" passed="12">
  <reporter-output>
  </reporter-output>
  <suite name="Academic.oup page website Test Automation Test Suite" duration-ms="470651" started-at="2020-04-06T15:22:56 IST" finished-at="2020-04-06T15:30:46 IST">
    <groups>
    </groups>
    <test name="com.cts.Academic.Test Cases" duration-ms="470651" started-at="2020-04-06T15:22:56 IST" finished-at="2020-04-06T15:30:46 IST">
      <class name="com.cts.Academic.testcases.RegisterpageTest">
        <test-method status="PASS" signature="setup()[pri:0, instance:com.cts.Academic.testcases.RegisterpageTest@1500955a]" name="setup" is-config="true" duration-ms="47961" started-at="2020-04-06T15:22:57 IST" finished-at="2020-04-06T15:23:45 IST">
          <reporter-output>
          </reporter-output>
        </test-method> <!-- setup -->
        <test-method status="PASS" signature="Registertest_check(java.lang.String, java.lang.String, java.lang.String)[pri:0, instance:com.cts.Academic.testcases.RegisterpageTest@1500955a]" name="Registertest_check" duration-ms="4485" started-at="2020-04-06T15:23:45 IST" data-provider="user_credentials" finished-at="2020-04-06T15:23:50 IST">
          <params>
            <param index="0">
              <value>
                <![CDATA[goutham@143gmail.com]]>
              </value>
            </param>
            <param index="1">
              <value>
                <![CDATA[Goutham@123]]>
              </value>
            </param>
            <param index="2">
              <value>
                <![CDATA[Goutham@123]]>
              </value>
            </param>
          </params>
          <reporter-output>
          </reporter-output>
        </test-method> <!-- Registertest_check -->
        <test-method status="PASS" signature="browserclose()[pri:0, instance:com.cts.Academic.testcases.RegisterpageTest@1500955a]" name="browserclose" is-config="true" duration-ms="2212" started-at="2020-04-06T15:23:50 IST" finished-at="2020-04-06T15:23:52 IST">
          <reporter-output>
          </reporter-output>
        </test-method> <!-- browserclose -->
        <test-method status="PASS" signature="setup()[pri:0, instance:com.cts.Academic.testcases.RegisterpageTest@1500955a]" name="setup" is-config="true" duration-ms="37699" started-at="2020-04-06T15:23:52 IST" finished-at="2020-04-06T15:24:30 IST">
          <reporter-output>
          </reporter-output>
        </test-method> <!-- setup -->
        <test-method status="PASS" signature="Registertest_check(java.lang.String, java.lang.String, java.lang.String)[pri:0, instance:com.cts.Academic.testcases.RegisterpageTest@1500955a]" name="Registertest_check" duration-ms="3186" started-at="2020-04-06T15:24:30 IST" data-provider="user_credentials" finished-at="2020-04-06T15:24:33 IST">
          <params>
            <param index="0">
              <value>
                <![CDATA[msreedharreddy447@gmail.com]]>
              </value>
            </param>
            <param index="1">
              <value>
                <![CDATA[Sreedhar@447]]>
              </value>
            </param>
            <param index="2">
              <value>
                <![CDATA[Sreedhar@447]]>
              </value>
            </param>
          </params>
          <reporter-output>
          </reporter-output>
        </test-method> <!-- Registertest_check -->
        <test-method status="PASS" signature="browserclose()[pri:0, instance:com.cts.Academic.testcases.RegisterpageTest@1500955a]" name="browserclose" is-config="true" duration-ms="519" started-at="2020-04-06T15:24:33 IST" finished-at="2020-04-06T15:24:33 IST">
          <reporter-output>
          </reporter-output>
        </test-method> <!-- browserclose -->
      </class> <!-- com.cts.Academic.testcases.RegisterpageTest -->
      <class name="com.cts.Academic.testcases.HomepageTest">
        <test-method status="PASS" signature="setup()[pri:0, instance:com.cts.Academic.testcases.HomepageTest@29b5cd00]" name="setup" is-config="true" duration-ms="26265" started-at="2020-04-06T15:27:18 IST" finished-at="2020-04-06T15:27:44 IST">
          <reporter-output>
          </reporter-output>
        </test-method> <!-- setup -->
        <test-method status="PASS" signature="vertify_homepage_title()[pri:0, instance:com.cts.Academic.testcases.HomepageTest@29b5cd00]" name="vertify_homepage_title" duration-ms="48" started-at="2020-04-06T15:27:44 IST" finished-at="2020-04-06T15:27:44 IST">
          <reporter-output>
          </reporter-output>
        </test-method> <!-- vertify_homepage_title -->
        <test-method status="PASS" signature="tear_down()[pri:0, instance:com.cts.Academic.testcases.HomepageTest@29b5cd00]" name="tear_down" is-config="true" duration-ms="4387" started-at="2020-04-06T15:27:44 IST" finished-at="2020-04-06T15:27:48 IST">
          <reporter-output>
          </reporter-output>
        </test-method> <!-- tear_down -->
        <test-method status="PASS" signature="setup()[pri:0, instance:com.cts.Academic.testcases.HomepageTest@29b5cd00]" name="setup" is-config="true" duration-ms="25830" started-at="2020-04-06T15:27:48 IST" finished-at="2020-04-06T15:28:14 IST">
          <reporter-output>
          </reporter-output>
        </test-method> <!-- setup -->
        <test-method status="PASS" signature="user_name_label_check()[pri:1, instance:com.cts.Academic.testcases.HomepageTest@29b5cd00]" name="user_name_label_check" duration-ms="235" started-at="2020-04-06T15:28:14 IST" finished-at="2020-04-06T15:28:14 IST">
          <reporter-output>
          </reporter-output>
        </test-method> <!-- user_name_label_check -->
        <test-method status="PASS" signature="tear_down()[pri:0, instance:com.cts.Academic.testcases.HomepageTest@29b5cd00]" name="tear_down" is-config="true" duration-ms="4806" started-at="2020-04-06T15:28:14 IST" finished-at="2020-04-06T15:28:19 IST">
          <reporter-output>
          </reporter-output>
        </test-method> <!-- tear_down -->
        <test-method status="PASS" signature="setup()[pri:0, instance:com.cts.Academic.testcases.HomepageTest@29b5cd00]" name="setup" is-config="true" duration-ms="27744" started-at="2020-04-06T15:28:19 IST" finished-at="2020-04-06T15:28:47 IST">
          <reporter-output>
          </reporter-output>
        </test-method> <!-- setup -->
        <test-method status="PASS" signature="verify_logo()[pri:2, instance:com.cts.Academic.testcases.HomepageTest@29b5cd00]" name="verify_logo" duration-ms="193" started-at="2020-04-06T15:28:47 IST" finished-at="2020-04-06T15:28:47 IST">
          <reporter-output>
          </reporter-output>
        </test-method> <!-- verify_logo -->
        <test-method status="PASS" signature="tear_down()[pri:0, instance:com.cts.Academic.testcases.HomepageTest@29b5cd00]" name="tear_down" is-config="true" duration-ms="4921" started-at="2020-04-06T15:28:47 IST" finished-at="2020-04-06T15:28:52 IST">
          <reporter-output>
          </reporter-output>
        </test-method> <!-- tear_down -->
        <test-method status="PASS" signature="setup()[pri:0, instance:com.cts.Academic.testcases.HomepageTest@29b5cd00]" name="setup" is-config="true" duration-ms="26547" started-at="2020-04-06T15:28:52 IST" finished-at="2020-04-06T15:29:19 IST">
          <reporter-output>
          </reporter-output>
        </test-method> <!-- setup -->
        <test-method status="PASS" signature="click_on_Arts_human_link()[pri:3, instance:com.cts.Academic.testcases.HomepageTest@29b5cd00]" name="click_on_Arts_human_link" duration-ms="8121" started-at="2020-04-06T15:29:19 IST" finished-at="2020-04-06T15:29:27 IST">
          <reporter-output>
          </reporter-output>
        </test-method> <!-- click_on_Arts_human_link -->
        <test-method status="PASS" signature="tear_down()[pri:0, instance:com.cts.Academic.testcases.HomepageTest@29b5cd00]" name="tear_down" is-config="true" duration-ms="538" started-at="2020-04-06T15:29:27 IST" finished-at="2020-04-06T15:29:27 IST">
          <reporter-output>
          </reporter-output>
        </test-method> <!-- tear_down -->
        <test-method status="PASS" signature="setup()[pri:0, instance:com.cts.Academic.testcases.HomepageTest@29b5cd00]" name="setup" is-config="true" duration-ms="27383" started-at="2020-04-06T15:29:27 IST" finished-at="2020-04-06T15:29:55 IST">
          <reporter-output>
          </reporter-output>
        </test-method> <!-- setup -->
        <test-method status="FAIL" signature="click_on_medicine_health()[pri:4, instance:com.cts.Academic.testcases.HomepageTest@29b5cd00]" name="click_on_medicine_health" duration-ms="11843" started-at="2020-04-06T15:29:55 IST" finished-at="2020-04-06T15:30:07 IST">
          <exception class="java.lang.AssertionError">
            <message>
              <![CDATA[medicine&health page not found expected [Medicine and health | Journals | Oxford Academic] but found [Journals | Oxford Academic]]]>
            </message>
            <full-stacktrace>
              <![CDATA[java.lang.AssertionError: medicine&health page not found expected [Medicine and health | Journals | Oxford Academic] but found [Journals | Oxford Academic]
at org.testng.Assert.fail(Assert.java:97)
at org.testng.Assert.assertEqualsImpl(Assert.java:136)
at org.testng.Assert.assertEquals(Assert.java:118)
at org.testng.Assert.assertEquals(Assert.java:575)
at com.cts.Academic.testcases.HomepageTest.click_on_medicine_health(HomepageTest.java:88)
at sun.reflect.NativeMethodAccessorImpl.invoke0(Native Method)
at sun.reflect.NativeMethodAccessorImpl.invoke(Unknown Source)
at sun.reflect.DelegatingMethodAccessorImpl.invoke(Unknown Source)
at java.lang.reflect.Method.invoke(Unknown Source)
at org.testng.internal.MethodInvocationHelper.invokeMethod(MethodInvocationHelper.java:134)
at org.testng.internal.TestInvoker.invokeMethod(TestInvoker.java:597)
at org.testng.internal.TestInvoker.invokeTestMethod(TestInvoker.java:173)
at org.testng.internal.MethodRunner.runInSequence(MethodRunner.java:46)
at org.testng.internal.TestInvoker$MethodInvocationAgent.invoke(TestInvoker.java:816)
at org.testng.internal.TestInvoker.invokeTestMethods(TestInvoker.java:146)
at org.testng.internal.TestMethodWorker.invokeTestMethods(TestMethodWorker.java:146)
at org.testng.internal.TestMethodWorker.run(TestMethodWorker.java:128)
at java.util.ArrayList.forEach(Unknown Source)
at org.testng.TestRunner.privateRun(TestRunner.java:766)
at org.testng.TestRunner.run(TestRunner.java:587)
at org.testng.SuiteRunner.runTest(SuiteRunner.java:384)
at org.testng.SuiteRunner.runSequentially(SuiteRunner.java:378)
at org.testng.SuiteRunner.privateRun(SuiteRunner.java:337)
at org.testng.SuiteRunner.run(SuiteRunner.java:286)
at org.testng.SuiteRunnerWorker.runSuite(SuiteRunnerWorker.java:53)
at org.testng.SuiteRunnerWorker.run(SuiteRunnerWorker.java:96)
at org.testng.TestNG.runSuitesSequentially(TestNG.java:1187)
at org.testng.TestNG.runSuitesLocally(TestNG.java:1109)
at org.testng.TestNG.runSuites(TestNG.java:1039)
at org.testng.TestNG.run(TestNG.java:1007)
at org.testng.remote.AbstractRemoteTestNG.run(AbstractRemoteTestNG.java:115)
at org.testng.remote.RemoteTestNG.initAndRun(RemoteTestNG.java:251)
at org.testng.remote.RemoteTestNG.main(RemoteTestNG.java:77)
]]>
            </full-stacktrace>
          </exception> <!-- java.lang.AssertionError -->
          <reporter-output>
          </reporter-output>
        </test-method> <!-- click_on_medicine_health -->
        <test-method status="PASS" signature="tear_down()[pri:0, instance:com.cts.Academic.testcases.HomepageTest@29b5cd00]" name="tear_down" is-config="true" duration-ms="706" started-at="2020-04-06T15:30:07 IST" finished-at="2020-04-06T15:30:07 IST">
          <reporter-output>
          </reporter-output>
        </test-method> <!-- tear_down -->
        <test-method status="PASS" signature="setup()[pri:0, instance:com.cts.Academic.testcases.HomepageTest@29b5cd00]" name="setup" is-config="true" duration-ms="26000" started-at="2020-04-06T15:30:07 IST" finished-at="2020-04-06T15:30:33 IST">
          <reporter-output>
          </reporter-output>
        </test-method> <!-- setup -->
        <test-method status="PASS" signature="click_on_Acess_purchase_link()[pri:5, instance:com.cts.Academic.testcases.HomepageTest@29b5cd00]" name="click_on_Acess_purchase_link" duration-ms="8746" started-at="2020-04-06T15:30:33 IST" finished-at="2020-04-06T15:30:42 IST">
          <reporter-output>
          </reporter-output>
        </test-method> <!-- click_on_Acess_purchase_link -->
        <test-method status="PASS" signature="tear_down()[pri:0, instance:com.cts.Academic.testcases.HomepageTest@29b5cd00]" name="tear_down" is-config="true" duration-ms="4332" started-at="2020-04-06T15:30:42 IST" finished-at="2020-04-06T15:30:46 IST">
          <reporter-output>
          </reporter-output>
        </test-method> <!-- tear_down -->
      </class> <!-- com.cts.Academic.testcases.HomepageTest -->
      <class name="com.cts.Academic.testcases.Academicpagetest">
        <test-method status="PASS" signature="setup()[pri:0, instance:com.cts.Academic.testcases.Academicpagetest@e874448]" name="setup" is-config="true" duration-ms="24677" started-at="2020-04-06T15:24:33 IST" finished-at="2020-04-06T15:24:58 IST">
          <reporter-output>
          </reporter-output>
        </test-method> <!-- setup -->
        <test-method status="PASS" signature="validate_login_page()[pri:0, instance:com.cts.Academic.testcases.Academicpagetest@e874448]" name="validate_login_page" duration-ms="240" started-at="2020-04-06T15:24:58 IST" finished-at="2020-04-06T15:24:58 IST">
          <reporter-output>
          </reporter-output>
        </test-method> <!-- validate_login_page -->
        <test-method status="PASS" signature="browserclose()[pri:0, instance:com.cts.Academic.testcases.Academicpagetest@e874448]" name="browserclose" is-config="true" duration-ms="644" started-at="2020-04-06T15:24:58 IST" finished-at="2020-04-06T15:24:59 IST">
          <reporter-output>
          </reporter-output>
        </test-method> <!-- browserclose -->
        <test-method status="PASS" signature="setup()[pri:0, instance:com.cts.Academic.testcases.Academicpagetest@e874448]" name="setup" is-config="true" duration-ms="33858" started-at="2020-04-06T15:24:59 IST" finished-at="2020-04-06T15:25:33 IST">
          <reporter-output>
          </reporter-output>
        </test-method> <!-- setup -->
        <test-method status="PASS" signature="verify_img()[pri:1, instance:com.cts.Academic.testcases.Academicpagetest@e874448]" name="verify_img" duration-ms="218" started-at="2020-04-06T15:25:33 IST" finished-at="2020-04-06T15:25:33 IST">
          <reporter-output>
          </reporter-output>
        </test-method> <!-- verify_img -->
        <test-method status="PASS" signature="browserclose()[pri:0, instance:com.cts.Academic.testcases.Academicpagetest@e874448]" name="browserclose" is-config="true" duration-ms="6258" started-at="2020-04-06T15:25:33 IST" finished-at="2020-04-06T15:25:39 IST">
          <reporter-output>
          </reporter-output>
        </test-method> <!-- browserclose -->
        <test-method status="PASS" signature="setup()[pri:0, instance:com.cts.Academic.testcases.Academicpagetest@e874448]" name="setup" is-config="true" duration-ms="26458" started-at="2020-04-06T15:25:39 IST" finished-at="2020-04-06T15:26:06 IST">
          <reporter-output>
          </reporter-output>
        </test-method> <!-- setup -->
        <test-method status="PASS" signature="Registration_link()[pri:2, instance:com.cts.Academic.testcases.Academicpagetest@e874448]" name="Registration_link" duration-ms="5049" started-at="2020-04-06T15:26:06 IST" finished-at="2020-04-06T15:26:11 IST">
          <reporter-output>
          </reporter-output>
        </test-method> <!-- Registration_link -->
        <test-method status="PASS" signature="browserclose()[pri:0, instance:com.cts.Academic.testcases.Academicpagetest@e874448]" name="browserclose" is-config="true" duration-ms="4736" started-at="2020-04-06T15:26:11 IST" finished-at="2020-04-06T15:26:16 IST">
          <reporter-output>
          </reporter-output>
        </test-method> <!-- browserclose -->
        <test-method status="PASS" signature="setup()[pri:0, instance:com.cts.Academic.testcases.Academicpagetest@e874448]" name="setup" is-config="true" duration-ms="24912" started-at="2020-04-06T15:26:16 IST" finished-at="2020-04-06T15:26:40 IST">
          <reporter-output>
          </reporter-output>
        </test-method> <!-- setup -->
        <test-method status="PASS" signature="validate_signin_link()[pri:3, instance:com.cts.Academic.testcases.Academicpagetest@e874448]" name="validate_signin_link" duration-ms="90" started-at="2020-04-06T15:26:40 IST" finished-at="2020-04-06T15:26:41 IST">
          <reporter-output>
          </reporter-output>
        </test-method> <!-- validate_signin_link -->
        <test-method status="PASS" signature="browserclose()[pri:0, instance:com.cts.Academic.testcases.Academicpagetest@e874448]" name="browserclose" is-config="true" duration-ms="4796" started-at="2020-04-06T15:26:41 IST" finished-at="2020-04-06T15:26:45 IST">
          <reporter-output>
          </reporter-output>
        </test-method> <!-- browserclose -->
        <test-method status="PASS" signature="setup()[pri:0, instance:com.cts.Academic.testcases.Academicpagetest@e874448]" name="setup" is-config="true" duration-ms="23041" started-at="2020-04-06T15:26:45 IST" finished-at="2020-04-06T15:27:08 IST">
          <reporter-output>
          </reporter-output>
        </test-method> <!-- setup -->
        <test-method status="PASS" signature="login_check()[pri:4, instance:com.cts.Academic.testcases.Academicpagetest@e874448]" name="login_check" duration-ms="4447" started-at="2020-04-06T15:27:08 IST" finished-at="2020-04-06T15:27:13 IST">
          <reporter-output>
          </reporter-output>
        </test-method> <!-- login_check -->
        <test-method status="PASS" signature="browserclose()[pri:0, instance:com.cts.Academic.testcases.Academicpagetest@e874448]" name="browserclose" is-config="true" duration-ms="4796" started-at="2020-04-06T15:27:13 IST" finished-at="2020-04-06T15:27:18 IST">
          <reporter-output>
          </reporter-output>
        </test-method> <!-- browserclose -->
      </class> <!-- com.cts.Academic.testcases.Academicpagetest -->
    </test> <!-- com.cts.Academic.Test Cases -->
  </suite> <!-- Academic.oup page website Test Automation Test Suite -->
</testng-results>
